Unity Editor version:    2021.3.20f1 (577897200b8b)
Branch:                  2021.3/staging
Build type:              Release
Batch mode:              YES
macOS version:           Version 12.5 (Build 21G72)
Darwin version:          21.6.0
Architecture:            x86_64
Running under Rosetta:   NO
Available memory:        16384 MB
Using pre-set license
Pro License: YES

COMMAND LINE ARGUMENTS:
/Applications/Unity/Hub/Editor/2021.3.20f1/Unity.app/Contents/MacOS/Unity
-adb2
-batchMode
-noUpm
-name
AssetImportWorker0
-projectPath
/Users/lukesnow/Duke War 2!
-logFile
Logs/AssetImportWorker0.log
-srvPort
61897
Successfully changed project path to: /Users/lukesnow/Duke War 2!
/Users/lukesnow/Duke War 2!
[UnityMemory] Configuration Parameters - Can be set up in boot.config
    "memorysetup-bucket-allocator-granularity=16"
    "memorysetup-bucket-allocator-bucket-count=8"
    "memorysetup-bucket-allocator-block-size=33554432"
    "memorysetup-bucket-allocator-block-count=8"
    "memorysetup-main-allocator-block-size=16777216"
    "memorysetup-thread-allocator-block-size=16777216"
    "memorysetup-gfx-main-allocator-block-size=16777216"
    "memorysetup-gfx-thread-allocator-block-size=16777216"
    "memorysetup-cache-allocator-block-size=4194304"
    "memorysetup-typetree-allocator-block-size=2097152"
    "memorysetup-profiler-bucket-allocator-granularity=16"
    "memorysetup-profiler-bucket-allocator-bucket-count=8"
    "memorysetup-profiler-bucket-allocator-block-size=33554432"
    "memorysetup-profiler-bucket-allocator-block-count=8"
    "memorysetup-profiler-allocator-block-size=16777216"
    "memorysetup-profiler-editor-allocator-block-size=1048576"
    "memorysetup-temp-allocator-size-main=16777216"
    "memorysetup-job-temp-allocator-block-size=2097152"
    "memorysetup-job-temp-allocator-block-size-background=1048576"
    "memorysetup-job-temp-allocator-reduction-small-platforms=262144"
    "memorysetup-temp-allocator-size-background-worker=32768"
    "memorysetup-temp-allocator-size-job-worker=262144"
    "memorysetup-temp-allocator-size-preload-manager=33554432"
    "memorysetup-temp-allocator-size-nav-mesh-worker=65536"
    "memorysetup-temp-allocator-size-audio-worker=65536"
    "memorysetup-temp-allocator-size-cloud-worker=32768"
    "memorysetup-temp-allocator-size-gi-baking-worker=262144"
    "memorysetup-temp-allocator-size-gfx=262144"
Player connection [4781487616] Host "[IP] 192.168.39.198 [Port] 0 [Flags] 2 [Guid] 754316019 [EditorId] 754316019 [Version] 1048832 [Id] OSXEditor(0,Lukes-MacBook-Pro.local) [Debug] 1 [PackageName] OSXEditor [ProjectName] Editor" joined multi-casting on [225.0.0.222:54997]...

Player connection [4781487616] Host "[IP] 192.168.39.198 [Port] 0 [Flags] 2 [Guid] 754316019 [EditorId] 754316019 [Version] 1048832 [Id] OSXEditor(0,Lukes-MacBook-Pro.local) [Debug] 1 [PackageName] OSXEditor [ProjectName] Editor" joined alternative multi-casting on [225.0.0.222:34997]...

Refreshing native plugins compatible for Editor in 91.65 ms, found 2 plugins.
Preloading 0 native plugins for Editor in 0.00 ms.
Initialize engine version: 2021.3.20f1 (577897200b8b)
[Subsystems] Discovering subsystems at path /Applications/Unity/Hub/Editor/2021.3.20f1/Unity.app/Contents/Resources/UnitySubsystems
[Subsystems] Discovering subsystems at path /Users/lukesnow/Duke War 2!/Assets
GfxDevice: creating device client; threaded=0; jobified=0
Color LCD preferred device: Intel(R) HD Graphics 630 (low power)
Metal devices available: 2
0: AMD Radeon Pro 555 (high power)
1: Intel(R) HD Graphics 630 (low power)
Using device AMD Radeon Pro 555 (high power)
Initializing Metal device caps: AMD Radeon Pro 555
Initialize mono
Mono path[0] = '/Applications/Unity/Hub/Editor/2021.3.20f1/Unity.app/Contents/Managed'
Mono path[1] = '/Applications/Unity/Hub/Editor/2021.3.20f1/Unity.app/Contents/MonoBleedingEdge/lib/mono/unityjit-macos'
Mono config path = '/Applications/Unity/Hub/Editor/2021.3.20f1/Unity.app/Contents/MonoBleedingEdge/etc'
Using monoOptions --debugger-agent=transport=dt_socket,embedding=1,server=y,suspend=n,address=127.0.0.1:56381
Begin MonoManager ReloadAssembly
Registering precompiled unity dll's ...
Register platform support module: /Applications/Unity/Hub/Editor/2021.3.20f1/Unity.app/Contents/PlaybackEngines/MacStandaloneSupport/UnityEditor.OSXStandalone.Extensions.dll
Register platform support module: /Applications/Unity/Hub/Editor/2021.3.20f1/PlaybackEngines/AndroidPlayer/UnityEditor.Android.Extensions.dll
Registered in 0.000935 seconds.
Native extension for Android target not found
Android Extension - Scanning For ADB Devices 91 ms
Native extension for OSXStandalone target not found
Refreshing native plugins compatible for Editor in 89.79 ms, found 2 plugins.
Preloading 0 native plugins for Editor in 0.00 ms.
Mono: successfully reloaded assembly
- Completed reload, in  0.979 seconds
Domain Reload Profiling:
	ReloadAssembly (980ms)
		BeginReloadAssembly (102ms)
			ExecutionOrderSort (0ms)
			DisableScriptedObjects (0ms)
			BackupInstance (0ms)
			ReleaseScriptingObjects (0ms)
			CreateAndSetChildDomain (1ms)
		EndReloadAssembly (745ms)
			LoadAssemblies (101ms)
			RebuildTransferFunctionScriptingTraits (0ms)
			SetupTypeCache (177ms)
			ReleaseScriptCaches (0ms)
			RebuildScriptCaches (41ms)
			SetupLoadedEditorAssemblies (460ms)
				LogAssemblyErrors (0ms)
				InitializePlatformSupportModulesInManaged (194ms)
				SetLoadedEditorAssemblies (0ms)
				RefreshPlugins (90ms)
				BeforeProcessingInitializeOnLoad (2ms)
				ProcessInitializeOnLoadAttributes (116ms)
				ProcessInitializeOnLoadMethodAttributes (58ms)
				AfterProcessingInitializeOnLoad (0ms)
				EditorAssembliesLoaded (0ms)
			ExecutionOrderSort2 (0ms)
			AwakeInstancesAfterBackupRestoration (0ms)
Platform modules already initialized, skipping
Registering precompiled user dll's ...
Registered in 0.001989 seconds.
Begin MonoManager ReloadAssembly
Symbol file LoadedFromMemory doesn't match image /Users/lukesnow/Duke War 2!/Library/PackageCache/com.unity.visualscripting@1.8.0/Editor/VisualScripting.Core/Dependencies/YamlDotNet/Unity.VisualScripting.YamlDotNet.dll
Symbol file LoadedFromMemory doesn't match image /Users/lukesnow/Duke War 2!/Library/PackageCache/com.unity.visualscripting@1.8.0/Editor/VisualScripting.Core/Dependencies/DotNetZip/Unity.VisualScripting.IonicZip.dll
Native extension for Android target not found
Native extension for OSXStandalone target not found
Refreshing native plugins compatible for Editor in 0.51 ms, found 2 plugins.
Preloading 0 native plugins for Editor in 0.00 ms.
Mono: successfully reloaded assembly
- Completed reload, in  1.350 seconds
Domain Reload Profiling:
	ReloadAssembly (1351ms)
		BeginReloadAssembly (175ms)
			ExecutionOrderSort (0ms)
			DisableScriptedObjects (10ms)
			BackupInstance (0ms)
			ReleaseScriptingObjects (0ms)
			CreateAndSetChildDomain (46ms)
		EndReloadAssembly (1032ms)
			LoadAssemblies (108ms)
			RebuildTransferFunctionScriptingTraits (0ms)
			SetupTypeCache (390ms)
			ReleaseScriptCaches (1ms)
			RebuildScriptCaches (71ms)
			SetupLoadedEditorAssemblies (416ms)
				LogAssemblyErrors (0ms)
				InitializePlatformSupportModulesInManaged (20ms)
				SetLoadedEditorAssemblies (1ms)
				RefreshPlugins (1ms)
				BeforeProcessingInitializeOnLoad (86ms)
				ProcessInitializeOnLoadAttributes (282ms)
				ProcessInitializeOnLoadMethodAttributes (25ms)
				AfterProcessingInitializeOnLoad (1ms)
				EditorAssembliesLoaded (0ms)
			ExecutionOrderSort2 (0ms)
			AwakeInstancesAfterBackupRestoration (4ms)
Platform modules already initialized, skipping
========================================================================
Worker process is ready to serve import requests
Launching external process: /Applications/Unity/Hub/Editor/2021.3.20f1/Unity.app/Contents/Tools/UnityShaderCompiler
Launched and connected shader compiler UnityShaderCompiler after 0.07 seconds
Refreshing native plugins compatible for Editor in 0.69 ms, found 2 plugins.
Preloading 0 native plugins for Editor in 0.00 ms.
Unloading 3047 Unused Serialized files (Serialized files now loaded: 0)
Unloading 24 unused Assets / (88.2 KB). Loaded Objects now: 3509.
Memory consumption went from 102.5 MB to 102.4 MB.
Total: 4.064916 ms (FindLiveObjects: 0.304468 ms CreateObjectMapping: 0.232429 ms MarkObjects: 3.374842 ms  DeleteObjects: 0.152059 ms)

AssetImportParameters requested are different than current active one (requested -> active):
  custom:video-decoder-ogg-theora: a1e56fd34408186e4bbccfd4996cb3dc -> 
  custom:container-muxer-webm: aa71ff27fc2769a1b78a27578f13a17b -> 
  custom:container-demuxer-webm: 4f35f7cbe854078d1ac9338744f61a02 -> 
  custom:video-encoder-webm-vp8: eb34c28f22e8b96e1ab97ce403110664 -> 
  custom:framework-osx-AVFoundation: e770b220cccbd017edd2c1fefb359320 -> 
  custom:audio-encoder-webm-vorbis: bf7c407c2cedff20999df2af8eb42d56 -> 
  custom:container-demuxer-ogg: 62fdf1f143b41e24485cea50d1cbac27 -> 
  custom:video-decoder-webm-vp8: 9c59270c3fd7afecdb556c50c9e8de78 -> 
  custom:audio-decoder-ogg-vorbis: bf7c407c2cedff20999df2af8eb42d56 -> 
========================================================================
Received Import Request.
  Time since last request: 54378.430630 seconds.
  path: Assets/Textures
  artifactKey: Guid(902021294598e4f4abb275a034c99ed5) Importer(815301076,1909f56bfc062723c751e8b465ee728b)
Start importing Assets/Textures using Guid(902021294598e4f4abb275a034c99ed5) Importer(815301076,1909f56bfc062723c751e8b465ee728b)  -> (artifact id: '606d120e1061a890b983b8a7a3bb61ca') in 0.007782 seconds 
========================================================================
Received Import Request.
  Time since last request: 15.989804 seconds.
  path: Assets/Materials
  artifactKey: Guid(81df23e5171734d169e81d462d9c4479) Importer(815301076,1909f56bfc062723c751e8b465ee728b)
Start importing Assets/Materials using Guid(81df23e5171734d169e81d462d9c4479) Importer(815301076,1909f56bfc062723c751e8b465ee728b)  -> (artifact id: '0ec132153d7a984f3b49f298ce1a90c8') in 0.001192 seconds 
========================================================================
Received Import Request.
  Time since last request: 13.648976 seconds.
  path: Assets/Textures/seamless-green-grass-pattern_1284-52275.jpeg
  artifactKey: Guid(d4d3ada22c31c4646bcea0f86b1d3f2e) Importer(815301076,1909f56bfc062723c751e8b465ee728b)
Start importing Assets/Textures/seamless-green-grass-pattern_1284-52275.jpeg using Guid(d4d3ada22c31c4646bcea0f86b1d3f2e) Importer(815301076,1909f56bfc062723c751e8b465ee728b)  -> (artifact id: '1286edcc00eb37819ffb7886888faf60') in 1.189927 seconds 
========================================================================
Received Import Request.
  Time since last request: 5.241876 seconds.
  path: Assets/Materials/Grass.mat
  artifactKey: Guid(56a02c92c870a44269398e95d9c6b207) Importer(815301076,1909f56bfc062723c751e8b465ee728b)
Start importing Assets/Materials/Grass.mat using Guid(56a02c92c870a44269398e95d9c6b207) Importer(815301076,1909f56bfc062723c751e8b465ee728b)  -> (artifact id: '439114440a508f0916d70e5b1317d3b6') in 1.125056 seconds 
========================================================================
Received Import Request.
  Time since last request: 1.303411 seconds.
  path: Packages/com.unity.textmeshpro/Editor Resources/Textures/btn_AlignBaseLine.psd
  artifactKey: Guid(8bc445bb79654bf496c92d0407840a92) Importer(815301076,1909f56bfc062723c751e8b465ee728b)
Start importing Packages/com.unity.textmeshpro/Editor Resources/Textures/btn_AlignBaseLine.psd using Guid(8bc445bb79654bf496c92d0407840a92) Importer(815301076,1909f56bfc062723c751e8b465ee728b)  -> (artifact id: 'aa8201d79be9fc423d6f7f3d6d815a96') in 1.476649 seconds 
========================================================================
Received Import Request.
  Time since last request: 0.000113 seconds.
  path: Packages/com.unity.textmeshpro/Editor Resources/Textures/btn_AlignCapLine.psd
  artifactKey: Guid(0d9a36012a224080966c7b55896aa0f9) Importer(815301076,1909f56bfc062723c751e8b465ee728b)
Start importing Packages/com.unity.textmeshpro/Editor Resources/Textures/btn_AlignCapLine.psd using Guid(0d9a36012a224080966c7b55896aa0f9) Importer(815301076,1909f56bfc062723c751e8b465ee728b)  -> (artifact id: 'b03fa845761212c2e46fac3b4343677a') in 0.012522 seconds 
========================================================================
Received Import Request.
  Time since last request: 0.000100 seconds.
  path: Packages/com.unity.textmeshpro/Editor Resources/Textures/btn_AlignFlush_Light.psd
  artifactKey: Guid(64b9fad609434c489c32b1cdf2004a1c) Importer(815301076,1909f56bfc062723c751e8b465ee728b)
Start importing Packages/com.unity.textmeshpro/Editor Resources/Textures/btn_AlignFlush_Light.psd using Guid(64b9fad609434c489c32b1cdf2004a1c) Importer(815301076,1909f56bfc062723c751e8b465ee728b)  -> (artifact id: '080ca94bd020d165cb99e13f0475fd69') in 0.028354 seconds 
========================================================================
Received Import Request.
  Time since last request: 0.000116 seconds.
  path: Packages/com.unity.textmeshpro/Editor Resources/Textures/btn_AlignFlush.psd
  artifactKey: Guid(691475c57a824010be0c6f474caeb7e1) Importer(815301076,1909f56bfc062723c751e8b465ee728b)
Start importing Packages/com.unity.textmeshpro/Editor Resources/Textures/btn_AlignFlush.psd using Guid(691475c57a824010be0c6f474caeb7e1) Importer(815301076,1909f56bfc062723c751e8b465ee728b)  -> (artifact id: '75fe30df852767926f8b3227b2e5b618') in 0.009180 seconds 
========================================================================
Received Import Request.
  Time since last request: 0.000106 seconds.
  path: Packages/com.unity.textmeshpro/Editor Resources/Textures/btn_AlignCenter.psd
  artifactKey: Guid(81ed8c76d2bc4a4c95d092c98af4e58f) Importer(815301076,1909f56bfc062723c751e8b465ee728b)
Start importing Packages/com.unity.textmeshpro/Editor Resources/Textures/btn_AlignCenter.psd using Guid(81ed8c76d2bc4a4c95d092c98af4e58f) Importer(815301076,1909f56bfc062723c751e8b465ee728b)  -> (artifact id: 'aede8093aac20b33f19bb27205017204') in 0.012558 seconds 
========================================================================
Received Import Request.
  Time since last request: 0.000124 seconds.
  path: Packages/com.unity.textmeshpro/Editor Resources/Textures/btn_AlignBottom_Light.psd
  artifactKey: Guid(585b70cb75dd43efbfead809c30a1731) Importer(815301076,1909f56bfc062723c751e8b465ee728b)
Start importing Packages/com.unity.textmeshpro/Editor Resources/Textures/btn_AlignBottom_Light.psd using Guid(585b70cb75dd43efbfead809c30a1731) Importer(815301076,1909f56bfc062723c751e8b465ee728b)  -> (artifact id: '4236eaaea3dbcc2795706b84fd959930') in 0.010857 seconds 
========================================================================
Received Import Request.
  Time since last request: 0.000151 seconds.
  path: Packages/com.unity.textmeshpro/Editor Resources/Textures/btn_AlignCapLine_Light.psd
  artifactKey: Guid(49679f302ac6408697f6b9314a38985c) Importer(815301076,1909f56bfc062723c751e8b465ee728b)
Start importing Packages/com.unity.textmeshpro/Editor Resources/Textures/btn_AlignCapLine_Light.psd using Guid(49679f302ac6408697f6b9314a38985c) Importer(815301076,1909f56bfc062723c751e8b465ee728b)  -> (artifact id: 'cfe7d1f075d98d33dc2c1ed45056eb5a') in 0.010804 seconds 
========================================================================
Received Import Request.
  Time since last request: 0.034567 seconds.
  path: Packages/com.unity.textmeshpro/Editor Resources/Textures/btn_AlignLeft.psd
  artifactKey: Guid(9288066c33474b94b6ee5465f4df1cc0) Importer(815301076,1909f56bfc062723c751e8b465ee728b)
Start importing Packages/com.unity.textmeshpro/Editor Resources/Textures/btn_AlignLeft.psd using Guid(9288066c33474b94b6ee5465f4df1cc0) Importer(815301076,1909f56bfc062723c751e8b465ee728b)  -> (artifact id: '5baf3df44971ee5afeacf7ed816872d4') in 0.013247 seconds 
========================================================================
Received Import Request.
  Time since last request: 0.000098 seconds.
  path: Packages/com.unity.textmeshpro/Editor Resources/Textures/btn_AlignMidLine.psd
  artifactKey: Guid(c2f7f6a88b4c4f20a53deb72f3d9144c) Importer(815301076,1909f56bfc062723c751e8b465ee728b)
Start importing Packages/com.unity.textmeshpro/Editor Resources/Textures/btn_AlignMidLine.psd using Guid(c2f7f6a88b4c4f20a53deb72f3d9144c) Importer(815301076,1909f56bfc062723c751e8b465ee728b)  -> (artifact id: '4e609720ea0587dc2307dc23bb2ed8c1') in 0.010214 seconds 
========================================================================
Received Import Request.
  Time since last request: 0.000089 seconds.
  path: Packages/com.unity.textmeshpro/Editor Resources/Textures/btn_AlignMiddle.psd
  artifactKey: Guid(41b96614b2e6494ba995ddcd252d11ae) Importer(815301076,1909f56bfc062723c751e8b465ee728b)
Start importing Packages/com.unity.textmeshpro/Editor Resources/Textures/btn_AlignMiddle.psd using Guid(41b96614b2e6494ba995ddcd252d11ae) Importer(815301076,1909f56bfc062723c751e8b465ee728b)  -> (artifact id: 'bb7640d555c2a0ba83e0b6c3222d3197') in 0.012359 seconds 
========================================================================
Received Import Request.
  Time since last request: 0.012272 seconds.
  path: Packages/com.unity.textmeshpro/Editor Resources/Textures/btn_AlignRight.psd
  artifactKey: Guid(342a0f8aca7f4f0691338912faec0494) Importer(815301076,1909f56bfc062723c751e8b465ee728b)
Start importing Packages/com.unity.textmeshpro/Editor Resources/Textures/btn_AlignRight.psd using Guid(342a0f8aca7f4f0691338912faec0494) Importer(815301076,1909f56bfc062723c751e8b465ee728b)  -> (artifact id: '612ee554d8d56aec0672e3facb773a7e') in 0.012764 seconds 
========================================================================
Received Import Request.
  Time since last request: 0.000100 seconds.
  path: Packages/com.unity.textmeshpro/Editor Resources/Textures/btn_AlignTop.psd
  artifactKey: Guid(48d034c499ee4697af9dd6e327110249) Importer(815301076,1909f56bfc062723c751e8b465ee728b)
Start importing Packages/com.unity.textmeshpro/Editor Resources/Textures/btn_AlignTop.psd using Guid(48d034c499ee4697af9dd6e327110249) Importer(815301076,1909f56bfc062723c751e8b465ee728b)  -> (artifact id: '69ac413dd7cf2da7ea3f4cc05686200f') in 0.015072 seconds 
========================================================================
Received Import Request.
  Time since last request: 1.315040 seconds.
  path: Packages/com.unity.timeline/Editor/StyleSheets/Images/DarkSkin/TimelineDisabledBackground.png
  artifactKey: Guid(412f73153f3a3c549b67b2a847741145) Importer(815301076,1909f56bfc062723c751e8b465ee728b)
Start importing Packages/com.unity.timeline/Editor/StyleSheets/Images/DarkSkin/TimelineDisabledBackground.png using Guid(412f73153f3a3c549b67b2a847741145) Importer(815301076,1909f56bfc062723c751e8b465ee728b)  -> (artifact id: 'fb79f79c97fae5ac0e334c34ccee3b9f') in 1.208202 seconds 
========================================================================
Received Import Request.
  Time since last request: 0.000071 seconds.
  path: Packages/com.unity.timeline/Editor/StyleSheets/Images/Shared/TimelineGroupBackground.png
  artifactKey: Guid(6ca5daa3415451940921fa7e2c3db9e8) Importer(815301076,1909f56bfc062723c751e8b465ee728b)
Start importing Packages/com.unity.timeline/Editor/StyleSheets/Images/Shared/TimelineGroupBackground.png using Guid(6ca5daa3415451940921fa7e2c3db9e8) Importer(815301076,1909f56bfc062723c751e8b465ee728b)  -> (artifact id: '1a1b407f980cfb025be81bc6e85556b5') in 0.023293 seconds 
========================================================================
Received Import Request.
  Time since last request: 169.604955 seconds.
  path: Assets/Materials/New Material.mat
  artifactKey: Guid(011ceb36eb24b489fbe5a66f7b45d666) Importer(815301076,1909f56bfc062723c751e8b465ee728b)
Start importing Assets/Materials/New Material.mat using Guid(011ceb36eb24b489fbe5a66f7b45d666) Importer(815301076,1909f56bfc062723c751e8b465ee728b)  -> (artifact id: 'c02f91fbcd6cca479bbc205a2115f955') in 0.017915 seconds 
========================================================================
Received Import Request.
  Time since last request: 4.555878 seconds.
  path: Assets/Materials/Ming.mat
  artifactKey: Guid(011ceb36eb24b489fbe5a66f7b45d666) Importer(815301076,1909f56bfc062723c751e8b465ee728b)
Start importing Assets/Materials/Ming.mat using Guid(011ceb36eb24b489fbe5a66f7b45d666) Importer(815301076,1909f56bfc062723c751e8b465ee728b)  -> (artifact id: '5275cc12d4d481f1c89a28b509fc6ff2') in 0.012559 seconds 
========================================================================
Received Import Request.
  Time since last request: 12.886748 seconds.
  path: Assets/Materials/New Material.mat
  artifactKey: Guid(b3db66b9b55a24e2a8f0d81e8b874b81) Importer(815301076,1909f56bfc062723c751e8b465ee728b)
Start importing Assets/Materials/New Material.mat using Guid(b3db66b9b55a24e2a8f0d81e8b874b81) Importer(815301076,1909f56bfc062723c751e8b465ee728b)  -> (artifact id: '2eb8c1b4520011b335213e0128d8b617') in 0.013497 seconds 
========================================================================
Received Import Request.
  Time since last request: 2.890090 seconds.
  path: Assets/Materials/New Material 1.mat
  artifactKey: Guid(e8e2065b36ff54ddd9edea045418814f) Importer(815301076,1909f56bfc062723c751e8b465ee728b)
Start importing Assets/Materials/New Material 1.mat using Guid(e8e2065b36ff54ddd9edea045418814f) Importer(815301076,1909f56bfc062723c751e8b465ee728b)  -> (artifact id: 'b9e4acb2254ef5dc275acfa8373a52cc') in 0.014057 seconds 
========================================================================
Received Import Request.
  Time since last request: 9.623117 seconds.
  path: Assets/Materials/New Material 2.mat
  artifactKey: Guid(385dd74a0c2964dd5aaa5f2151665e49) Importer(815301076,1909f56bfc062723c751e8b465ee728b)
Start importing Assets/Materials/New Material 2.mat using Guid(385dd74a0c2964dd5aaa5f2151665e49) Importer(815301076,1909f56bfc062723c751e8b465ee728b)  -> (artifact id: '9d1c914e8ff08e48a6707b3cb66d6e85') in 0.013423 seconds 
========================================================================
Received Import Request.
  Time since last request: 4.489798 seconds.
  path: Assets/Materials/Rick.mat
  artifactKey: Guid(e8e2065b36ff54ddd9edea045418814f) Importer(815301076,1909f56bfc062723c751e8b465ee728b)
Start importing Assets/Materials/Rick.mat using Guid(e8e2065b36ff54ddd9edea045418814f) Importer(815301076,1909f56bfc062723c751e8b465ee728b)  -> (artifact id: 'f1a2bd98361ba4c2dac6c30afe25e193') in 0.012510 seconds 
========================================================================
Received Import Request.
  Time since last request: 5.003146 seconds.
  path: Assets/Materials/Tex.mat
  artifactKey: Guid(385dd74a0c2964dd5aaa5f2151665e49) Importer(815301076,1909f56bfc062723c751e8b465ee728b)
Start importing Assets/Materials/Tex.mat using Guid(385dd74a0c2964dd5aaa5f2151665e49) Importer(815301076,1909f56bfc062723c751e8b465ee728b)  -> (artifact id: '98c2605a036cd32257815a5f12ea46cc') in 0.011503 seconds 
========================================================================
Received Import Request.
  Time since last request: 3.486203 seconds.
  path: Assets/Materials/Ford.mat
  artifactKey: Guid(b3db66b9b55a24e2a8f0d81e8b874b81) Importer(815301076,1909f56bfc062723c751e8b465ee728b)
Start importing Assets/Materials/Ford.mat using Guid(b3db66b9b55a24e2a8f0d81e8b874b81) Importer(815301076,1909f56bfc062723c751e8b465ee728b)  -> (artifact id: 'd3a31f876bc22e2bf9632f6d26dc6336') in 0.011492 seconds 
========================================================================
Received Import Request.
  Time since last request: 9.565776 seconds.
  path: Assets/Materials/Player Materials
  artifactKey: Guid(6ce7b4da079984eedbe5d6243fc94a4c) Importer(815301076,1909f56bfc062723c751e8b465ee728b)
Start importing Assets/Materials/Player Materials using Guid(6ce7b4da079984eedbe5d6243fc94a4c) Importer(815301076,1909f56bfc062723c751e8b465ee728b)  -> (artifact id: 'b3afdc3daa3d3e2472422f681d1d1cbe') in 0.001389 seconds 
========================================================================
Received Import Request.
  Time since last request: 187.998928 seconds.
  path: Assets/NewBehaviourScript.cs
  artifactKey: Guid(cac8d344a118a46f781399e1d6bfcc8d) Importer(815301076,1909f56bfc062723c751e8b465ee728b)
Start importing Assets/NewBehaviourScript.cs using Guid(cac8d344a118a46f781399e1d6bfcc8d) Importer(815301076,1909f56bfc062723c751e8b465ee728b)  -> (artifact id: '4d9186d641ccd7839058ffe97b78ba9e') in 0.218435 seconds 
========================================================================
Received Prepare
Registering precompiled user dll's ...
Registered in 0.001944 seconds.
Begin MonoManager ReloadAssembly
Symbol file LoadedFromMemory doesn't match image /Users/lukesnow/Duke War 2!/Library/PackageCache/com.unity.visualscripting@1.8.0/Editor/VisualScripting.Core/Dependencies/YamlDotNet/Unity.VisualScripting.YamlDotNet.dll
Symbol file LoadedFromMemory doesn't match image /Users/lukesnow/Duke War 2!/Library/PackageCache/com.unity.visualscripting@1.8.0/Editor/VisualScripting.Core/Dependencies/DotNetZip/Unity.VisualScripting.IonicZip.dll
Native extension for Android target not found
Native extension for OSXStandalone target not found
Refreshing native plugins compatible for Editor in 0.51 ms, found 2 plugins.
Preloading 0 native plugins for Editor in 0.00 ms.
Mono: successfully reloaded assembly
- Completed reload, in  1.324 seconds
Domain Reload Profiling:
	ReloadAssembly (1325ms)
		BeginReloadAssembly (176ms)
			ExecutionOrderSort (0ms)
			DisableScriptedObjects (6ms)
			BackupInstance (0ms)
			ReleaseScriptingObjects (0ms)
			CreateAndSetChildDomain (68ms)
		EndReloadAssembly (1027ms)
			LoadAssemblies (91ms)
			RebuildTransferFunctionScriptingTraits (0ms)
			SetupTypeCache (456ms)
			ReleaseScriptCaches (1ms)
			RebuildScriptCaches (62ms)
			SetupLoadedEditorAssemblies (337ms)
				LogAssemblyErrors (0ms)
				InitializePlatformSupportModulesInManaged (23ms)
				SetLoadedEditorAssemblies (1ms)
				RefreshPlugins (1ms)
				BeforeProcessingInitializeOnLoad (60ms)
				ProcessInitializeOnLoadAttributes (229ms)
				ProcessInitializeOnLoadMethodAttributes (23ms)
				AfterProcessingInitializeOnLoad (1ms)
				EditorAssembliesLoaded (0ms)
			ExecutionOrderSort2 (0ms)
			AwakeInstancesAfterBackupRestoration (5ms)
Platform modules already initialized, skipping
Refreshing native plugins compatible for Editor in 1.08 ms, found 2 plugins.
Preloading 0 native plugins for Editor in 0.00 ms.
Unloading 3043 Unused Serialized files (Serialized files now loaded: 0)
Unloading 17 unused Assets / (67.9 KB). Loaded Objects now: 3560.
Memory consumption went from 125.5 MB to 125.5 MB.
Total: 3.636192 ms (FindLiveObjects: 0.302960 ms CreateObjectMapping: 0.222064 ms MarkObjects: 3.015296 ms  DeleteObjects: 0.094905 ms)

AssetImportParameters requested are different than current active one (requested -> active):
  custom:video-decoder-ogg-theora: a1e56fd34408186e4bbccfd4996cb3dc -> 
  custom:container-muxer-webm: aa71ff27fc2769a1b78a27578f13a17b -> 
  custom:container-demuxer-webm: 4f35f7cbe854078d1ac9338744f61a02 -> 
  custom:video-encoder-webm-vp8: eb34c28f22e8b96e1ab97ce403110664 -> 
  custom:framework-osx-AVFoundation: e770b220cccbd017edd2c1fefb359320 -> 
  custom:audio-encoder-webm-vorbis: bf7c407c2cedff20999df2af8eb42d56 -> 
  custom:container-demuxer-ogg: 62fdf1f143b41e24485cea50d1cbac27 -> 
  custom:video-decoder-webm-vp8: 9c59270c3fd7afecdb556c50c9e8de78 -> 
  custom:audio-decoder-ogg-vorbis: bf7c407c2cedff20999df2af8eb42d56 -> 
========================================================================
Received Import Request.
  Time since last request: 11.264050 seconds.
  path: Assets/Scripts
  artifactKey: Guid(ca9735ffb33b34c6483cbca46ef491b2) Importer(815301076,1909f56bfc062723c751e8b465ee728b)
Start importing Assets/Scripts using Guid(ca9735ffb33b34c6483cbca46ef491b2) Importer(815301076,1909f56bfc062723c751e8b465ee728b)  -> (artifact id: '9dd10c354624d3c59456c11458430ed8') in 0.011388 seconds 
========================================================================
Received Prepare
Registering precompiled user dll's ...
Registered in 0.001960 seconds.
Begin MonoManager ReloadAssembly
Symbol file LoadedFromMemory doesn't match image /Users/lukesnow/Duke War 2!/Library/PackageCache/com.unity.visualscripting@1.8.0/Editor/VisualScripting.Core/Dependencies/YamlDotNet/Unity.VisualScripting.YamlDotNet.dll
Symbol file LoadedFromMemory doesn't match image /Users/lukesnow/Duke War 2!/Library/PackageCache/com.unity.visualscripting@1.8.0/Editor/VisualScripting.Core/Dependencies/DotNetZip/Unity.VisualScripting.IonicZip.dll
Native extension for Android target not found
Native extension for OSXStandalone target not found
Refreshing native plugins compatible for Editor in 0.50 ms, found 2 plugins.
Preloading 0 native plugins for Editor in 0.00 ms.
Mono: successfully reloaded assembly
- Completed reload, in  1.271 seconds
Domain Reload Profiling:
	ReloadAssembly (1272ms)
		BeginReloadAssembly (175ms)
			ExecutionOrderSort (0ms)
			DisableScriptedObjects (7ms)
			BackupInstance (0ms)
			ReleaseScriptingObjects (0ms)
			CreateAndSetChildDomain (68ms)
		EndReloadAssembly (980ms)
			LoadAssemblies (87ms)
			RebuildTransferFunctionScriptingTraits (1ms)
			SetupTypeCache (433ms)
			ReleaseScriptCaches (1ms)
			RebuildScriptCaches (60ms)
			SetupLoadedEditorAssemblies (323ms)
				LogAssemblyErrors (0ms)
				InitializePlatformSupportModulesInManaged (23ms)
				SetLoadedEditorAssemblies (1ms)
				RefreshPlugins (1ms)
				BeforeProcessingInitializeOnLoad (58ms)
				ProcessInitializeOnLoadAttributes (217ms)
				ProcessInitializeOnLoadMethodAttributes (23ms)
				AfterProcessingInitializeOnLoad (1ms)
				EditorAssembliesLoaded (0ms)
			ExecutionOrderSort2 (0ms)
			AwakeInstancesAfterBackupRestoration (5ms)
Platform modules already initialized, skipping
Refreshing native plugins compatible for Editor in 1.28 ms, found 2 plugins.
Preloading 0 native plugins for Editor in 0.00 ms.
Unloading 3043 Unused Serialized files (Serialized files now loaded: 0)
Unloading 17 unused Assets / (67.9 KB). Loaded Objects now: 3563.
Memory consumption went from 125.5 MB to 125.5 MB.
Total: 3.554524 ms (FindLiveObjects: 0.290683 ms CreateObjectMapping: 0.202446 ms MarkObjects: 2.963103 ms  DeleteObjects: 0.097447 ms)

AssetImportParameters requested are different than current active one (requested -> active):
  custom:video-decoder-ogg-theora: a1e56fd34408186e4bbccfd4996cb3dc -> 
  custom:container-muxer-webm: aa71ff27fc2769a1b78a27578f13a17b -> 
  custom:container-demuxer-webm: 4f35f7cbe854078d1ac9338744f61a02 -> 
  custom:video-encoder-webm-vp8: eb34c28f22e8b96e1ab97ce403110664 -> 
  custom:framework-osx-AVFoundation: e770b220cccbd017edd2c1fefb359320 -> 
  custom:audio-encoder-webm-vorbis: bf7c407c2cedff20999df2af8eb42d56 -> 
  custom:container-demuxer-ogg: 62fdf1f143b41e24485cea50d1cbac27 -> 
  custom:video-decoder-webm-vp8: 9c59270c3fd7afecdb556c50c9e8de78 -> 
  custom:audio-decoder-ogg-vorbis: bf7c407c2cedff20999df2af8eb42d56 -> 
========================================================================
Received Import Request.
  Time since last request: 181.968676 seconds.
  path: Assets/Materials/Player Materials/Ford.mat
  artifactKey: Guid(b3db66b9b55a24e2a8f0d81e8b874b81) Importer(815301076,1909f56bfc062723c751e8b465ee728b)
Start importing Assets/Materials/Player Materials/Ford.mat using Guid(b3db66b9b55a24e2a8f0d81e8b874b81) Importer(815301076,1909f56bfc062723c751e8b465ee728b)  -> (artifact id: '5d755b3096d96f46c2a99d90143d7514') in 0.130728 seconds 
========================================================================
Received Import Request.
  Time since last request: 0.000094 seconds.
  path: Assets/Materials/Player Materials/Tex.mat
  artifactKey: Guid(385dd74a0c2964dd5aaa5f2151665e49) Importer(815301076,1909f56bfc062723c751e8b465ee728b)
Start importing Assets/Materials/Player Materials/Tex.mat using Guid(385dd74a0c2964dd5aaa5f2151665e49) Importer(815301076,1909f56bfc062723c751e8b465ee728b)  -> (artifact id: '5b7597ac8c20c724ff414e5157248df3') in 0.012478 seconds 
========================================================================
Received Import Request.
  Time since last request: 0.000095 seconds.
  path: Assets/Materials/Player Materials/Rick.mat
  artifactKey: Guid(e8e2065b36ff54ddd9edea045418814f) Importer(815301076,1909f56bfc062723c751e8b465ee728b)
Start importing Assets/Materials/Player Materials/Rick.mat using Guid(e8e2065b36ff54ddd9edea045418814f) Importer(815301076,1909f56bfc062723c751e8b465ee728b)  -> (artifact id: 'b7194850c65af6ba80bc6edc50e4b43f') in 0.013030 seconds 
========================================================================
Received Import Request.
  Time since last request: 2.705346 seconds.
  path: Assets/Materials/Player Materials/Ford.mat
  artifactKey: Guid(b3db66b9b55a24e2a8f0d81e8b874b81) Importer(815301076,1909f56bfc062723c751e8b465ee728b)
Start importing Assets/Materials/Player Materials/Ford.mat using Guid(b3db66b9b55a24e2a8f0d81e8b874b81) Importer(815301076,1909f56bfc062723c751e8b465ee728b)  -> (artifact id: 'ebe27eb30d778a4d091a02f605396b77') in 0.013384 seconds 
========================================================================
Received Import Request.
  Time since last request: 17.378814 seconds.
  path: Assets/CanonTower/FBX
  artifactKey: Guid(f3fc14ac8afff3145b531404e1afaa64) Importer(815301076,1909f56bfc062723c751e8b465ee728b)
Start importing Assets/CanonTower/FBX using Guid(f3fc14ac8afff3145b531404e1afaa64) Importer(815301076,1909f56bfc062723c751e8b465ee728b)  -> (artifact id: 'e5719be541c3d959c02c5bda8413017d') in 0.006549 seconds 
========================================================================
Received Import Request.
  Time since last request: 0.422420 seconds.
  path: Assets/CanonTower/Materials
  artifactKey: Guid(8a6ac1f1ec046d247b77c9ade3cfac90) Importer(815301076,1909f56bfc062723c751e8b465ee728b)
Start importing Assets/CanonTower/Materials using Guid(8a6ac1f1ec046d247b77c9ade3cfac90) Importer(815301076,1909f56bfc062723c751e8b465ee728b)  -> (artifact id: 'c73290b26760ced5d68b3b51f0313018') in 0.006439 seconds 
========================================================================
Received Import Request.
  Time since last request: 0.298740 seconds.
  path: Assets/CanonTower/Prefabs
  artifactKey: Guid(2c1dd667115459a449cc58575cdbcf87) Importer(815301076,1909f56bfc062723c751e8b465ee728b)
Start importing Assets/CanonTower/Prefabs using Guid(2c1dd667115459a449cc58575cdbcf87) Importer(815301076,1909f56bfc062723c751e8b465ee728b)  -> (artifact id: '98f8831c319cc5c10668646fafda8352') in 0.006428 seconds 
========================================================================
Received Import Request.
  Time since last request: 0.089592 seconds.
  path: Assets/CanonTower/Prefabs/Tower.prefab
  artifactKey: Guid(f4f6b630159e6b34386dec2579f250b2) Importer(815301076,1909f56bfc062723c751e8b465ee728b)
Start importing Assets/CanonTower/Prefabs/Tower.prefab using Guid(f4f6b630159e6b34386dec2579f250b2) Importer(815301076,1909f56bfc062723c751e8b465ee728b)  -> (artifact id: '76a375a1a92a37a387eeffadb99103f3') in 0.220800 seconds 
========================================================================
Received Import Request.
  Time since last request: 217.365963 seconds.
  path: Assets/CanonTower/Materials/Ming Tower
  artifactKey: Guid(8de15242d1c2b4040afd4bf24ca900ea) Importer(815301076,1909f56bfc062723c751e8b465ee728b)
Start importing Assets/CanonTower/Materials/Ming Tower using Guid(8de15242d1c2b4040afd4bf24ca900ea) Importer(815301076,1909f56bfc062723c751e8b465ee728b)  -> (artifact id: '6b436987ba4ed13767bee734b1df274d') in 0.002300 seconds 
========================================================================
Received Import Request.
  Time since last request: 5.234033 seconds.
  path: Assets/CanonTower/Materials/Ming Tower/Shield_Big_mat.mat
  artifactKey: Guid(ca7138d56ebeadb4ab3ef5fcb82f946d) Importer(815301076,1909f56bfc062723c751e8b465ee728b)
Start importing Assets/CanonTower/Materials/Ming Tower/Shield_Big_mat.mat using Guid(ca7138d56ebeadb4ab3ef5fcb82f946d) Importer(815301076,1909f56bfc062723c751e8b465ee728b)  -> (artifact id: 'f5bc2be57e499ae3a8a888b1edd4f958') in 0.025649 seconds 
========================================================================
Received Import Request.
  Time since last request: 0.000093 seconds.
  path: Assets/CanonTower/Materials/Ming Tower/Tower_Top_Deco_mat.mat
  artifactKey: Guid(c696ba76ada0fae4b9725a7c7a7e325c) Importer(815301076,1909f56bfc062723c751e8b465ee728b)
Start importing Assets/CanonTower/Materials/Ming Tower/Tower_Top_Deco_mat.mat using Guid(c696ba76ada0fae4b9725a7c7a7e325c) Importer(815301076,1909f56bfc062723c751e8b465ee728b)  -> (artifact id: '05920003685e7a0b02de34a9eb39e269') in 0.033764 seconds 
========================================================================
Received Import Request.
  Time since last request: 0.000106 seconds.
  path: Assets/CanonTower/Materials/Ming Tower/Tower_Base_mat.mat
  artifactKey: Guid(70c6189c8c8b4cc4da749c5ace637058) Importer(815301076,1909f56bfc062723c751e8b465ee728b)
Start importing Assets/CanonTower/Materials/Ming Tower/Tower_Base_mat.mat using Guid(70c6189c8c8b4cc4da749c5ace637058) Importer(815301076,1909f56bfc062723c751e8b465ee728b)  -> (artifact id: '180b1d9c9d2df7c90dca93b99370f901') in 0.021941 seconds 
========================================================================
Received Import Request.
  Time since last request: 0.000078 seconds.
  path: Assets/CanonTower/Materials/Ming Tower/Tower_Top_mat.mat
  artifactKey: Guid(dd450e62cd3b7bd4f96ba5a499ed2f5b) Importer(815301076,1909f56bfc062723c751e8b465ee728b)
Start importing Assets/CanonTower/Materials/Ming Tower/Tower_Top_mat.mat using Guid(dd450e62cd3b7bd4f96ba5a499ed2f5b) Importer(815301076,1909f56bfc062723c751e8b465ee728b)  -> (artifact id: 'a940c4d191d73aeccb6f8fa91c43f440') in 0.018890 seconds 
========================================================================
Received Import Request.
  Time since last request: 85.918878 seconds.
  path: Assets/CanonTower/Materials/Rick Tower
  artifactKey: Guid(cbbd3bd7f7c064b8280b1ec2981b255a) Importer(815301076,1909f56bfc062723c751e8b465ee728b)
Start importing Assets/CanonTower/Materials/Rick Tower using Guid(cbbd3bd7f7c064b8280b1ec2981b255a) Importer(815301076,1909f56bfc062723c751e8b465ee728b)  -> (artifact id: 'ab0a251fdc2c4340ade032672632c115') in 0.001504 seconds 
========================================================================
Received Import Request.
  Time since last request: 2.035741 seconds.
  path: Assets/CanonTower/Materials/Rick Tower/Shield_Big_mat.mat
  artifactKey: Guid(47e54643c0e6545fdad1a369277c0074) Importer(815301076,1909f56bfc062723c751e8b465ee728b)
Start importing Assets/CanonTower/Materials/Rick Tower/Shield_Big_mat.mat using Guid(47e54643c0e6545fdad1a369277c0074) Importer(815301076,1909f56bfc062723c751e8b465ee728b)  -> (artifact id: 'a3a8ce6b655b07be07bdf3ce9759e0a3') in 0.018323 seconds 
========================================================================
Received Import Request.
  Time since last request: 0.000112 seconds.
  path: Assets/CanonTower/Materials/Rick Tower/Tower_Base_mat.mat
  artifactKey: Guid(7d5cd621d2dbc4ae8a3b984950a6cc8e) Importer(815301076,1909f56bfc062723c751e8b465ee728b)
Start importing Assets/CanonTower/Materials/Rick Tower/Tower_Base_mat.mat using Guid(7d5cd621d2dbc4ae8a3b984950a6cc8e) Importer(815301076,1909f56bfc062723c751e8b465ee728b)  -> (artifact id: 'b803fae1013a1b9f31bdbad634e3eb59') in 0.021859 seconds 
========================================================================
Received Import Request.
  Time since last request: 0.000138 seconds.
  path: Assets/CanonTower/Materials/Rick Tower/Tower_Top_mat.mat
  artifactKey: Guid(8b84ecd215dc14f32902108bc289164a) Importer(815301076,1909f56bfc062723c751e8b465ee728b)
Start importing Assets/CanonTower/Materials/Rick Tower/Tower_Top_mat.mat using Guid(8b84ecd215dc14f32902108bc289164a) Importer(815301076,1909f56bfc062723c751e8b465ee728b)  -> (artifact id: '691099af687d88f465f2ea6dc241f4c5') in 0.022739 seconds 
========================================================================
Received Import Request.
  Time since last request: 22.420419 seconds.
  path: Assets/CanonTower/Prefabs/Tower.prefab
  artifactKey: Guid(f4f6b630159e6b34386dec2579f250b2) Importer(815301076,1909f56bfc062723c751e8b465ee728b)
Start importing Assets/CanonTower/Prefabs/Tower.prefab using Guid(f4f6b630159e6b34386dec2579f250b2) Importer(815301076,1909f56bfc062723c751e8b465ee728b)  -> (artifact id: '1b042408e40561f651760cb5e085bdda') in 0.048248 seconds 
========================================================================
Received Import Request.
  Time since last request: 5.352150 seconds.
  path: Assets/CanonTower/Prefabs/Tower 1.prefab
  artifactKey: Guid(71e83fc8dc8e749af989d8ea0c81ec02) Importer(815301076,1909f56bfc062723c751e8b465ee728b)
Start importing Assets/CanonTower/Prefabs/Tower 1.prefab using Guid(71e83fc8dc8e749af989d8ea0c81ec02) Importer(815301076,1909f56bfc062723c751e8b465ee728b)  -> (artifact id: '6b69a2847674d879fcb53416f77b92b6') in 0.036826 seconds 
========================================================================
Received Import Request.
  Time since last request: 4.526376 seconds.
  path: Assets/CanonTower/Prefabs/Tower 2.prefab
  artifactKey: Guid(f17e15b7137044b29ae66390181e806d) Importer(815301076,1909f56bfc062723c751e8b465ee728b)
Start importing Assets/CanonTower/Prefabs/Tower 2.prefab using Guid(f17e15b7137044b29ae66390181e806d) Importer(815301076,1909f56bfc062723c751e8b465ee728b)  -> (artifact id: '7d2aca2262d1830609da9ed012819952') in 0.048440 seconds 
========================================================================
Received Import Request.
  Time since last request: 0.491048 seconds.
  path: Assets/CanonTower/Prefabs/Tower 3.prefab
  artifactKey: Guid(49453d150dcd84b858b5eea5d3502ed3) Importer(815301076,1909f56bfc062723c751e8b465ee728b)
Start importing Assets/CanonTower/Prefabs/Tower 3.prefab using Guid(49453d150dcd84b858b5eea5d3502ed3) Importer(815301076,1909f56bfc062723c751e8b465ee728b)  -> (artifact id: 'a3bdb44e01bd42b675630ca027e97fa9') in 0.039491 seconds 
========================================================================
Received Import Request.
  Time since last request: 13.800261 seconds.
  path: Assets/CanonTower/Prefabs/Ming Tower.prefab
  artifactKey: Guid(f4f6b630159e6b34386dec2579f250b2) Importer(815301076,1909f56bfc062723c751e8b465ee728b)
Start importing Assets/CanonTower/Prefabs/Ming Tower.prefab using Guid(f4f6b630159e6b34386dec2579f250b2) Importer(815301076,1909f56bfc062723c751e8b465ee728b)  -> (artifact id: 'f6f1b30798b5cb7470906cc928d40427') in 0.046222 seconds 
========================================================================
Received Import Request.
  Time since last request: 3.958468 seconds.
  path: Assets/CanonTower/Prefabs/Rick Tower.prefab
  artifactKey: Guid(71e83fc8dc8e749af989d8ea0c81ec02) Importer(815301076,1909f56bfc062723c751e8b465ee728b)
Start importing Assets/CanonTower/Prefabs/Rick Tower.prefab using Guid(71e83fc8dc8e749af989d8ea0c81ec02) Importer(815301076,1909f56bfc062723c751e8b465ee728b)  -> (artifact id: '0172a3673633e9c716bb917e84c641c1') in 0.047450 seconds 
========================================================================
Received Import Request.
  Time since last request: 5.692816 seconds.
  path: Assets/CanonTower/Prefabs/Tex Tower.prefab
  artifactKey: Guid(f17e15b7137044b29ae66390181e806d) Importer(815301076,1909f56bfc062723c751e8b465ee728b)
Start importing Assets/CanonTower/Prefabs/Tex Tower.prefab using Guid(f17e15b7137044b29ae66390181e806d) Importer(815301076,1909f56bfc062723c751e8b465ee728b)  -> (artifact id: 'c538ccb781d9b73b2fcf50b137cd2ecd') in 0.048622 seconds 
========================================================================
Received Import Request.
  Time since last request: 4.682208 seconds.
  path: Assets/CanonTower/Prefabs/Ford Tower.prefab
  artifactKey: Guid(49453d150dcd84b858b5eea5d3502ed3) Importer(815301076,1909f56bfc062723c751e8b465ee728b)
Start importing Assets/CanonTower/Prefabs/Ford Tower.prefab using Guid(49453d150dcd84b858b5eea5d3502ed3) Importer(815301076,1909f56bfc062723c751e8b465ee728b)  -> (artifact id: 'b8d67da42acbff193686d22e540764ab') in 0.049039 seconds 
========================================================================
Received Import Request.
  Time since last request: 20.032743 seconds.
  path: Assets/CanonTower/Materials/Rick Tower/Shield_Big_mat.mat
  artifactKey: Guid(47e54643c0e6545fdad1a369277c0074) Importer(815301076,1909f56bfc062723c751e8b465ee728b)
Start importing Assets/CanonTower/Materials/Rick Tower/Shield_Big_mat.mat using Guid(47e54643c0e6545fdad1a369277c0074) Importer(815301076,1909f56bfc062723c751e8b465ee728b)  -> (artifact id: '39a9bf41eb5fdf85509f2e51bf3950ef') in 0.023464 seconds 
========================================================================
Received Import Request.
  Time since last request: 0.000098 seconds.
  path: Assets/CanonTower/Materials/Rick Tower/Tower_Base_mat.mat
  artifactKey: Guid(7d5cd621d2dbc4ae8a3b984950a6cc8e) Importer(815301076,1909f56bfc062723c751e8b465ee728b)
Start importing Assets/CanonTower/Materials/Rick Tower/Tower_Base_mat.mat using Guid(7d5cd621d2dbc4ae8a3b984950a6cc8e) Importer(815301076,1909f56bfc062723c751e8b465ee728b)  -> (artifact id: '92d3cc5b65c5e3341a38e03295acf7fb') in 0.015388 seconds 
========================================================================
Received Import Request.
  Time since last request: 0.000137 seconds.
  path: Assets/CanonTower/Materials/Rick Tower/Tower_Top_mat.mat
  artifactKey: Guid(8b84ecd215dc14f32902108bc289164a) Importer(815301076,1909f56bfc062723c751e8b465ee728b)
Start importing Assets/CanonTower/Materials/Rick Tower/Tower_Top_mat.mat using Guid(8b84ecd215dc14f32902108bc289164a) Importer(815301076,1909f56bfc062723c751e8b465ee728b)  -> (artifact id: 'c8c754893411c94ffbf8757a4c0d14aa') in 0.019999 seconds 
========================================================================
Received Import Request.
  Time since last request: 45.592403 seconds.
  path: Assets/CanonTower/Materials/Ming Tower/Shield_Big_mat.mat
  artifactKey: Guid(ca7138d56ebeadb4ab3ef5fcb82f946d) Importer(815301076,1909f56bfc062723c751e8b465ee728b)
Start importing Assets/CanonTower/Materials/Ming Tower/Shield_Big_mat.mat using Guid(ca7138d56ebeadb4ab3ef5fcb82f946d) Importer(815301076,1909f56bfc062723c751e8b465ee728b)  -> (artifact id: 'b601e01f870678f9253cc83d4a0adba0') in 0.020185 seconds 
========================================================================
Received Import Request.
  Time since last request: 0.000086 seconds.
  path: Assets/CanonTower/Materials/Ming Tower/Tower_Top_Deco_mat.mat
  artifactKey: Guid(c696ba76ada0fae4b9725a7c7a7e325c) Importer(815301076,1909f56bfc062723c751e8b465ee728b)
Start importing Assets/CanonTower/Materials/Ming Tower/Tower_Top_Deco_mat.mat using Guid(c696ba76ada0fae4b9725a7c7a7e325c) Importer(815301076,1909f56bfc062723c751e8b465ee728b)  -> (artifact id: 'eabec6921f1da65b235d3cb9f3449d35') in 0.024257 seconds 
========================================================================
Received Import Request.
  Time since last request: 1.279795 seconds.
  path: Assets/CanonTower/FBX/Tower_Base.FBX
  artifactKey: Guid(8b4cc57cbefe92340a9b3e6f735fbd0e) Importer(815301076,1909f56bfc062723c751e8b465ee728b)
Start importing Assets/CanonTower/FBX/Tower_Base.FBX using Guid(8b4cc57cbefe92340a9b3e6f735fbd0e) Importer(815301076,1909f56bfc062723c751e8b465ee728b)  -> (artifact id: '33656b5d16729b2bef931201f9c182ac') in 0.163590 seconds 
========================================================================
Received Import Request.
  Time since last request: 1.250972 seconds.
  path: Assets/CanonTower/Prefabs/Rick Tower.prefab
  artifactKey: Guid(71e83fc8dc8e749af989d8ea0c81ec02) Importer(815301076,1909f56bfc062723c751e8b465ee728b)
Start importing Assets/CanonTower/Prefabs/Rick Tower.prefab using Guid(71e83fc8dc8e749af989d8ea0c81ec02) Importer(815301076,1909f56bfc062723c751e8b465ee728b)  -> (artifact id: '2e26c4d4f6f88d37830f354a0f6520dc') in 0.043119 seconds 
========================================================================
Received Import Request.
  Time since last request: 25.998535 seconds.
  path: Assets/CanonTower/Textures/Shield_Big_dif.png
  artifactKey: Guid(5149f59bafed21e479ba281c878e8a0f) Importer(815301076,1909f56bfc062723c751e8b465ee728b)
Start importing Assets/CanonTower/Textures/Shield_Big_dif.png using Guid(5149f59bafed21e479ba281c878e8a0f) Importer(815301076,1909f56bfc062723c751e8b465ee728b)  -> (artifact id: 'e778df3f6708b2511345c3f8b4239cf2') in 0.040639 seconds 
========================================================================
Received Import Request.
  Time since last request: 0.000127 seconds.
  path: Assets/CanonTower/Textures/Tower_Base_Dif.png
  artifactKey: Guid(a16c3a1cc63e49a41adefb0061f38c61) Importer(815301076,1909f56bfc062723c751e8b465ee728b)
Start importing Assets/CanonTower/Textures/Tower_Base_Dif.png using Guid(a16c3a1cc63e49a41adefb0061f38c61) Importer(815301076,1909f56bfc062723c751e8b465ee728b)  -> (artifact id: 'f29a2ec1881fc1cd1a13955b17234cff') in 0.025266 seconds 
========================================================================
Received Import Request.
  Time since last request: 11.674700 seconds.
  path: Assets/Materials/Grass.mat
  artifactKey: Guid(56a02c92c870a44269398e95d9c6b207) Importer(815301076,1909f56bfc062723c751e8b465ee728b)
Start importing Assets/Materials/Grass.mat using Guid(56a02c92c870a44269398e95d9c6b207) Importer(815301076,1909f56bfc062723c751e8b465ee728b)  -> (artifact id: 'f8049c70d5b1417430ceaf54e124a2d9') in 0.014576 seconds 
========================================================================
Received Import Request.
  Time since last request: 48.227433 seconds.
  path: Assets/CanonTower/Prefabs/Rick Tower.prefab
  artifactKey: Guid(71e83fc8dc8e749af989d8ea0c81ec02) Importer(815301076,1909f56bfc062723c751e8b465ee728b)
Start importing Assets/CanonTower/Prefabs/Rick Tower.prefab using Guid(71e83fc8dc8e749af989d8ea0c81ec02) Importer(815301076,1909f56bfc062723c751e8b465ee728b)  -> (artifact id: 'a7d120f45d78f7d5c541a003ca1e0b16') in 0.031566 seconds 
========================================================================
Received Import Request.
  Time since last request: 1.744548 seconds.
  path: Assets/CanonTower/Prefabs/Rick Tower.prefab
  artifactKey: Guid(71e83fc8dc8e749af989d8ea0c81ec02) Importer(815301076,1909f56bfc062723c751e8b465ee728b)
Start importing Assets/CanonTower/Prefabs/Rick Tower.prefab using Guid(71e83fc8dc8e749af989d8ea0c81ec02) Importer(815301076,1909f56bfc062723c751e8b465ee728b)  -> (artifact id: '2ba024da78ad095da6e9fba1e2451d8e') in 0.031973 seconds 
========================================================================
Received Import Request.
  Time since last request: 1.369546 seconds.
  path: Assets/CanonTower/Prefabs/Rick Tower.prefab
  artifactKey: Guid(71e83fc8dc8e749af989d8ea0c81ec02) Importer(815301076,1909f56bfc062723c751e8b465ee728b)
Start importing Assets/CanonTower/Prefabs/Rick Tower.prefab using Guid(71e83fc8dc8e749af989d8ea0c81ec02) Importer(815301076,1909f56bfc062723c751e8b465ee728b)  -> (artifact id: 'e9abfac55d2664a9f93fc90ec29c9924') in 0.033058 seconds 
========================================================================
Received Import Request.
  Time since last request: 7.930271 seconds.
  path: Assets/CanonTower/Prefabs/Ming Tower.prefab
  artifactKey: Guid(f4f6b630159e6b34386dec2579f250b2) Importer(815301076,1909f56bfc062723c751e8b465ee728b)
Start importing Assets/CanonTower/Prefabs/Ming Tower.prefab using Guid(f4f6b630159e6b34386dec2579f250b2) Importer(815301076,1909f56bfc062723c751e8b465ee728b)  -> (artifact id: 'bb8fc9be4106b4f4593724b97e567c4b') in 0.044017 seconds 
========================================================================
Received Import Request.
  Time since last request: 1.566763 seconds.
  path: Assets/CanonTower/Prefabs/Ming Tower.prefab
  artifactKey: Guid(f4f6b630159e6b34386dec2579f250b2) Importer(815301076,1909f56bfc062723c751e8b465ee728b)
Start importing Assets/CanonTower/Prefabs/Ming Tower.prefab using Guid(f4f6b630159e6b34386dec2579f250b2) Importer(815301076,1909f56bfc062723c751e8b465ee728b)  -> (artifact id: 'd4e37c36ff8ba10fd34ca3435ad017bb') in 0.050050 seconds 
========================================================================
Received Import Request.
  Time since last request: 5.348758 seconds.
  path: Assets/CanonTower/Prefabs/Ming Tower.prefab
  artifactKey: Guid(f4f6b630159e6b34386dec2579f250b2) Importer(815301076,1909f56bfc062723c751e8b465ee728b)
Start importing Assets/CanonTower/Prefabs/Ming Tower.prefab using Guid(f4f6b630159e6b34386dec2579f250b2) Importer(815301076,1909f56bfc062723c751e8b465ee728b)  -> (artifact id: '06ec338e56f79d65982202382b25de32') in 0.050291 seconds 
========================================================================
Received Import Request.
  Time since last request: 23.669282 seconds.
  path: Assets/CanonTower/Materials/Tex Tower
  artifactKey: Guid(fd401b8a5d1a246debeb37727029f01b) Importer(815301076,1909f56bfc062723c751e8b465ee728b)
Start importing Assets/CanonTower/Materials/Tex Tower using Guid(fd401b8a5d1a246debeb37727029f01b) Importer(815301076,1909f56bfc062723c751e8b465ee728b)  -> (artifact id: '3059117a4595acd5b8ffd029f7825bf2') in 0.003604 seconds 
========================================================================
Received Import Request.
  Time since last request: 2.390398 seconds.
  path: Assets/CanonTower/Materials/Tex Tower/Shield_Big_mat.mat
  artifactKey: Guid(cd4069ad1828541139fb67ea29668586) Importer(815301076,1909f56bfc062723c751e8b465ee728b)
Start importing Assets/CanonTower/Materials/Tex Tower/Shield_Big_mat.mat using Guid(cd4069ad1828541139fb67ea29668586) Importer(815301076,1909f56bfc062723c751e8b465ee728b)  -> (artifact id: '2ccd605fcc78812bae6c9ea6304a26ec') in 0.019868 seconds 
========================================================================
Received Import Request.
  Time since last request: 0.000115 seconds.
  path: Assets/CanonTower/Materials/Tex Tower/Tower_Top_mat.mat
  artifactKey: Guid(91d553b1bff0b4ffebfa0213b21e4d8e) Importer(815301076,1909f56bfc062723c751e8b465ee728b)
Start importing Assets/CanonTower/Materials/Tex Tower/Tower_Top_mat.mat using Guid(91d553b1bff0b4ffebfa0213b21e4d8e) Importer(815301076,1909f56bfc062723c751e8b465ee728b)  -> (artifact id: '6bffd03be2d7a0361a6acd150dcc8035') in 0.019939 seconds 
========================================================================
Received Import Request.
  Time since last request: 51.336528 seconds.
  path: Assets/CanonTower/Materials/Ford Tower
  artifactKey: Guid(6d811ba0fa0d04b76a26ba4c3b7fc911) Importer(815301076,1909f56bfc062723c751e8b465ee728b)
Start importing Assets/CanonTower/Materials/Ford Tower using Guid(6d811ba0fa0d04b76a26ba4c3b7fc911) Importer(815301076,1909f56bfc062723c751e8b465ee728b)  -> (artifact id: 'bef324b79c30f0c7d0f9ff478d4b9cf7') in 0.001408 seconds 
========================================================================
Received Import Request.
  Time since last request: 9.790697 seconds.
  path: Assets/CanonTower/Materials/Ford Tower/Shield_Big_mat.mat
  artifactKey: Guid(2d9bc6730c1ec4d5eb860e5bb3e41ec1) Importer(815301076,1909f56bfc062723c751e8b465ee728b)
Start importing Assets/CanonTower/Materials/Ford Tower/Shield_Big_mat.mat using Guid(2d9bc6730c1ec4d5eb860e5bb3e41ec1) Importer(815301076,1909f56bfc062723c751e8b465ee728b)  -> (artifact id: 'a47ae33f14ddc390aa63f5bcd922182b') in 0.018047 seconds 
========================================================================
Received Import Request.
  Time since last request: 0.000106 seconds.
  path: Assets/CanonTower/Materials/Ford Tower/Tower_Top_mat.mat
  artifactKey: Guid(721274b2245744c82893926b2f964bec) Importer(815301076,1909f56bfc062723c751e8b465ee728b)
Start importing Assets/CanonTower/Materials/Ford Tower/Tower_Top_mat.mat using Guid(721274b2245744c82893926b2f964bec) Importer(815301076,1909f56bfc062723c751e8b465ee728b)  -> (artifact id: '931aec2c86c1ece486cb9b9128cd037f') in 0.020701 seconds 
========================================================================
Received Import Request.
  Time since last request: 0.000111 seconds.
  path: Assets/CanonTower/Materials/Ford Tower/Tower_Base_mat.mat
  artifactKey: Guid(7df8e2237634d4bc9b5bbe8e5ed731a4) Importer(815301076,1909f56bfc062723c751e8b465ee728b)
Start importing Assets/CanonTower/Materials/Ford Tower/Tower_Base_mat.mat using Guid(7df8e2237634d4bc9b5bbe8e5ed731a4) Importer(815301076,1909f56bfc062723c751e8b465ee728b)  -> (artifact id: '1093b29f9db7131c85d48a8352caeea5') in 0.020187 seconds 
========================================================================
Received Import Request.
  Time since last request: 2.633471 seconds.
  path: Assets/CanonTower/Prefabs/Tex Tower.prefab
  artifactKey: Guid(f17e15b7137044b29ae66390181e806d) Importer(815301076,1909f56bfc062723c751e8b465ee728b)
Start importing Assets/CanonTower/Prefabs/Tex Tower.prefab using Guid(f17e15b7137044b29ae66390181e806d) Importer(815301076,1909f56bfc062723c751e8b465ee728b)  -> (artifact id: 'f9f05145e01707ea8fa125fd4f60a993') in 0.050393 seconds 
========================================================================
Received Import Request.
  Time since last request: 52.899206 seconds.
  path: Assets/CanonTower/Prefabs/Ford Tower.prefab
  artifactKey: Guid(49453d150dcd84b858b5eea5d3502ed3) Importer(815301076,1909f56bfc062723c751e8b465ee728b)
Start importing Assets/CanonTower/Prefabs/Ford Tower.prefab using Guid(49453d150dcd84b858b5eea5d3502ed3) Importer(815301076,1909f56bfc062723c751e8b465ee728b)  -> (artifact id: '102ba9fd746238b1dca70b7b05daeb86') in 0.047401 seconds 
========================================================================
Received Import Request.
  Time since last request: 19.103020 seconds.
  path: Assets/CanonTower/Textures
  artifactKey: Guid(101d43914bf8f33468d3c2db3fa60d16) Importer(815301076,1909f56bfc062723c751e8b465ee728b)
Start importing Assets/CanonTower/Textures using Guid(101d43914bf8f33468d3c2db3fa60d16) Importer(815301076,1909f56bfc062723c751e8b465ee728b)  -> (artifact id: 'f2798f669bda07bacddff8fdbe69170d') in 0.006859 seconds 
========================================================================
Received Import Request.
  Time since last request: 17.857759 seconds.
  path: Assets/CanonTower/Prefabs/Ford Tower.prefab
  artifactKey: Guid(49453d150dcd84b858b5eea5d3502ed3) Importer(815301076,1909f56bfc062723c751e8b465ee728b)
Start importing Assets/CanonTower/Prefabs/Ford Tower.prefab using Guid(49453d150dcd84b858b5eea5d3502ed3) Importer(815301076,1909f56bfc062723c751e8b465ee728b)  -> (artifact id: '93bea8fb8827b9a43a0f4f886cf281cb') in 0.047753 seconds 
========================================================================
Received Import Request.
  Time since last request: 2.355870 seconds.
  path: Assets/CanonTower/Prefabs/Ford Tower.prefab
  artifactKey: Guid(49453d150dcd84b858b5eea5d3502ed3) Importer(815301076,1909f56bfc062723c751e8b465ee728b)
Start importing Assets/CanonTower/Prefabs/Ford Tower.prefab using Guid(49453d150dcd84b858b5eea5d3502ed3) Importer(815301076,1909f56bfc062723c751e8b465ee728b)  -> (artifact id: '1a2732d5e3a322c409426996412205bf') in 0.048582 seconds 
========================================================================
Received Import Request.
  Time since last request: 1.950394 seconds.
  path: Assets/CanonTower/Prefabs/Ford Tower.prefab
  artifactKey: Guid(49453d150dcd84b858b5eea5d3502ed3) Importer(815301076,1909f56bfc062723c751e8b465ee728b)
Start importing Assets/CanonTower/Prefabs/Ford Tower.prefab using Guid(49453d150dcd84b858b5eea5d3502ed3) Importer(815301076,1909f56bfc062723c751e8b465ee728b)  -> (artifact id: 'b8cb15600075dee1a7e8a48e7f0eb962') in 0.047746 seconds 
========================================================================
Received Import Request.
  Time since last request: 4.302818 seconds.
  path: Assets/CanonTower/Prefabs/Tex Tower.prefab
  artifactKey: Guid(f17e15b7137044b29ae66390181e806d) Importer(815301076,1909f56bfc062723c751e8b465ee728b)
Start importing Assets/CanonTower/Prefabs/Tex Tower.prefab using Guid(f17e15b7137044b29ae66390181e806d) Importer(815301076,1909f56bfc062723c751e8b465ee728b)  -> (artifact id: 'ec40716f8c96a83facf6911b714cc23d') in 0.047346 seconds 
========================================================================
Received Import Request.
  Time since last request: 1.763257 seconds.
  path: Assets/CanonTower/Prefabs/Tex Tower.prefab
  artifactKey: Guid(f17e15b7137044b29ae66390181e806d) Importer(815301076,1909f56bfc062723c751e8b465ee728b)
Start importing Assets/CanonTower/Prefabs/Tex Tower.prefab using Guid(f17e15b7137044b29ae66390181e806d) Importer(815301076,1909f56bfc062723c751e8b465ee728b)  -> (artifact id: '1de9834df080e3d4e2322319dd494244') in 0.047584 seconds 
========================================================================
Received Import Request.
  Time since last request: 1.987336 seconds.
  path: Assets/CanonTower/Prefabs/Tex Tower.prefab
  artifactKey: Guid(f17e15b7137044b29ae66390181e806d) Importer(815301076,1909f56bfc062723c751e8b465ee728b)
Start importing Assets/CanonTower/Prefabs/Tex Tower.prefab using Guid(f17e15b7137044b29ae66390181e806d) Importer(815301076,1909f56bfc062723c751e8b465ee728b)  -> (artifact id: '60761dd8a2de7b4746b0b2a622c0206d') in 0.048322 seconds 
========================================================================
Received Import Request.
  Time since last request: 526.132112 seconds.
  path: Assets/CanonTower/Prefabs/Ford Tower.prefab
  artifactKey: Guid(49453d150dcd84b858b5eea5d3502ed3) Importer(815301076,1909f56bfc062723c751e8b465ee728b)
Start importing Assets/CanonTower/Prefabs/Ford Tower.prefab using Guid(49453d150dcd84b858b5eea5d3502ed3) Importer(815301076,1909f56bfc062723c751e8b465ee728b)  -> (artifact id: '900949ce25198e4346685bc5f42488d2') in 0.049427 seconds 
========================================================================
Received Import Request.
  Time since last request: 6.987894 seconds.
  path: Assets/ToonyTinyPeople
  artifactKey: Guid(47938064c53e24ec8b8ee804f2bde7d5) Importer(815301076,1909f56bfc062723c751e8b465ee728b)
Start importing Assets/ToonyTinyPeople using Guid(47938064c53e24ec8b8ee804f2bde7d5) Importer(815301076,1909f56bfc062723c751e8b465ee728b)  -> (artifact id: 'a820cf4892249ab93ef09f1ae7c96f96') in 0.007672 seconds 
========================================================================
Received Import Request.
  Time since last request: 0.934870 seconds.
  path: Assets/ToonyTinyPeople/TT_RTS
  artifactKey: Guid(91e449f3cd0fa424db0d0a4e178b3377) Importer(815301076,1909f56bfc062723c751e8b465ee728b)
Start importing Assets/ToonyTinyPeople/TT_RTS using Guid(91e449f3cd0fa424db0d0a4e178b3377) Importer(815301076,1909f56bfc062723c751e8b465ee728b)  -> (artifact id: 'bff85c683d5986fd94b56506cac1a16a') in 0.006791 seconds 
========================================================================
Received Import Request.
  Time since last request: 0.534319 seconds.
  path: Assets/ToonyTinyPeople/TT_RTS/TT_RTS_standard_demo
  artifactKey: Guid(d660f3c63f8dc4d3faad1ed6a9fdf21e) Importer(815301076,1909f56bfc062723c751e8b465ee728b)
Start importing Assets/ToonyTinyPeople/TT_RTS/TT_RTS_standard_demo using Guid(d660f3c63f8dc4d3faad1ed6a9fdf21e) Importer(815301076,1909f56bfc062723c751e8b465ee728b)  -> (artifact id: '8949024fd62ad1581822f539c087fe9d') in 0.006881 seconds 
========================================================================
Received Import Request.
  Time since last request: 1.847818 seconds.
  path: Assets/ToonyTinyPeople/TT_RTS/TT_RTS_standard_demo/models
  artifactKey: Guid(9ec0f10546579414aaadf2cf28df0d8c) Importer(815301076,1909f56bfc062723c751e8b465ee728b)
Start importing Assets/ToonyTinyPeople/TT_RTS/TT_RTS_standard_demo/models using Guid(9ec0f10546579414aaadf2cf28df0d8c) Importer(815301076,1909f56bfc062723c751e8b465ee728b)  -> (artifact id: 'c8686b75d52100e130e217c15261ea0c') in 0.006778 seconds 
========================================================================
Received Import Request.
  Time since last request: 0.414742 seconds.
  path: Assets/ToonyTinyPeople/TT_RTS/TT_RTS_standard_demo/prefab
  artifactKey: Guid(85388b51ca13e1842879b5190d67be3e) Importer(815301076,1909f56bfc062723c751e8b465ee728b)
Start importing Assets/ToonyTinyPeople/TT_RTS/TT_RTS_standard_demo/prefab using Guid(85388b51ca13e1842879b5190d67be3e) Importer(815301076,1909f56bfc062723c751e8b465ee728b)  -> (artifact id: 'e7b1a3739e7c4c4dd61493fbee824265') in 0.006720 seconds 
========================================================================
Received Import Request.
  Time since last request: 0.587643 seconds.
  path: Assets/ToonyTinyPeople/TT_RTS/TT_RTS_standard_demo/prefab/TT_RTS_Demo_Character.prefab
  artifactKey: Guid(fe2a5bf9b4c2d4a4b9853a8506f18c40) Importer(815301076,1909f56bfc062723c751e8b465ee728b)
Start importing Assets/ToonyTinyPeople/TT_RTS/TT_RTS_standard_demo/prefab/TT_RTS_Demo_Character.prefab using Guid(fe2a5bf9b4c2d4a4b9853a8506f18c40) Importer(815301076,1909f56bfc062723c751e8b465ee728b)  -> (artifact id: 'b55d6e08464bf19cebf89b1578d5af3f') in 0.389286 seconds 
========================================================================
Received Import Request.
  Time since last request: 8.359885 seconds.
  path: Assets/ToonyTinyPeople/TT_RTS/TT_RTS_standard_demo/animations/infantry_01_idle.FBX
  artifactKey: Guid(8e04b4eaa3d99434b97190cb68f0f3bf) Importer(815301076,1909f56bfc062723c751e8b465ee728b)
Start importing Assets/ToonyTinyPeople/TT_RTS/TT_RTS_standard_demo/animations/infantry_01_idle.FBX using Guid(8e04b4eaa3d99434b97190cb68f0f3bf) Importer(815301076,1909f56bfc062723c751e8b465ee728b)  -> (artifact id: '66f5b23047840fd4d088653a8c7fdc35') in 0.012972 seconds 
========================================================================
Received Import Request.
  Time since last request: 0.000130 seconds.
  path: Assets/ToonyTinyPeople/TT_RTS/TT_RTS_standard_demo/animations/infantry_03_run_rm.FBX
  artifactKey: Guid(c0d72c4063fd5f945a10cc2cad0905d9) Importer(815301076,1909f56bfc062723c751e8b465ee728b)
Start importing Assets/ToonyTinyPeople/TT_RTS/TT_RTS_standard_demo/animations/infantry_03_run_rm.FBX using Guid(c0d72c4063fd5f945a10cc2cad0905d9) Importer(815301076,1909f56bfc062723c751e8b465ee728b)  -> (artifact id: '9911089e3cddf8b96d8c06c8b81aaf25') in 0.006396 seconds 
========================================================================
Received Prepare
Registering precompiled user dll's ...
Registered in 0.002452 seconds.
Begin MonoManager ReloadAssembly
Symbol file LoadedFromMemory doesn't match image /Users/lukesnow/Duke War 2!/Library/PackageCache/com.unity.visualscripting@1.8.0/Editor/VisualScripting.Core/Dependencies/YamlDotNet/Unity.VisualScripting.YamlDotNet.dll
Symbol file LoadedFromMemory doesn't match image /Users/lukesnow/Duke War 2!/Library/PackageCache/com.unity.visualscripting@1.8.0/Editor/VisualScripting.Core/Dependencies/DotNetZip/Unity.VisualScripting.IonicZip.dll
Native extension for Android target not found
Native extension for OSXStandalone target not found
Refreshing native plugins compatible for Editor in 0.58 ms, found 2 plugins.
Preloading 0 native plugins for Editor in 0.00 ms.
Mono: successfully reloaded assembly
- Completed reload, in  1.336 seconds
Domain Reload Profiling:
	ReloadAssembly (1337ms)
		BeginReloadAssembly (179ms)
			ExecutionOrderSort (0ms)
			DisableScriptedObjects (6ms)
			BackupInstance (0ms)
			ReleaseScriptingObjects (0ms)
			CreateAndSetChildDomain (74ms)
		EndReloadAssembly (1044ms)
			LoadAssemblies (83ms)
			RebuildTransferFunctionScriptingTraits (0ms)
			SetupTypeCache (394ms)
			ReleaseScriptCaches (1ms)
			RebuildScriptCaches (57ms)
			SetupLoadedEditorAssemblies (421ms)
				LogAssemblyErrors (0ms)
				InitializePlatformSupportModulesInManaged (20ms)
				SetLoadedEditorAssemblies (1ms)
				RefreshPlugins (1ms)
				BeforeProcessingInitializeOnLoad (68ms)
				ProcessInitializeOnLoadAttributes (295ms)
				ProcessInitializeOnLoadMethodAttributes (35ms)
				AfterProcessingInitializeOnLoad (2ms)
				EditorAssembliesLoaded (0ms)
			ExecutionOrderSort2 (0ms)
			AwakeInstancesAfterBackupRestoration (8ms)
Platform modules already initialized, skipping
Refreshing native plugins compatible for Editor in 1.89 ms, found 2 plugins.
Preloading 0 native plugins for Editor in 0.00 ms.
Unloading 3043 Unused Serialized files (Serialized files now loaded: 0)
Unloading 17 unused Assets / (67.9 KB). Loaded Objects now: 3571.
Memory consumption went from 146.9 MB to 146.9 MB.
Total: 4.597171 ms (FindLiveObjects: 0.362615 ms CreateObjectMapping: 0.279198 ms MarkObjects: 3.835457 ms  DeleteObjects: 0.118643 ms)

AssetImportParameters requested are different than current active one (requested -> active):
  custom:video-decoder-ogg-theora: a1e56fd34408186e4bbccfd4996cb3dc -> 
  custom:container-muxer-webm: aa71ff27fc2769a1b78a27578f13a17b -> 
  custom:container-demuxer-webm: 4f35f7cbe854078d1ac9338744f61a02 -> 
  custom:video-encoder-webm-vp8: eb34c28f22e8b96e1ab97ce403110664 -> 
  custom:framework-osx-AVFoundation: e770b220cccbd017edd2c1fefb359320 -> 
  custom:audio-encoder-webm-vorbis: bf7c407c2cedff20999df2af8eb42d56 -> 
  custom:container-demuxer-ogg: 62fdf1f143b41e24485cea50d1cbac27 -> 
  custom:video-decoder-webm-vp8: 9c59270c3fd7afecdb556c50c9e8de78 -> 
  custom:audio-decoder-ogg-vorbis: bf7c407c2cedff20999df2af8eb42d56 -> 
========================================================================
Received Prepare
Couldn't register non-exiting asset root folder: 'Assets'
Assertion failed on expression: 'success'
Trying to reload asset but can't find object on disk
Trying to reload asset but can't find object on disk
Trying to reload asset but can't find object on disk
Trying to reload asset but can't find object on disk
Trying to reload asset but can't find object on disk
Trying to reload asset but can't find object on disk
Trying to reload asset but can't find object on disk
Trying to reload asset but can't find object on disk
Trying to reload asset but can't find object on disk
Trying to reload asset but can't find object on disk
Trying to reload asset but can't find object on disk
Trying to reload asset but can't find object on disk
Trying to reload asset but can't find object on disk
Trying to reload asset but can't find object on disk
Trying to reload asset but can't find object on disk
Trying to reload asset but can't find object on disk
Trying to reload asset but can't find object on disk
Trying to reload asset but can't find object on disk
Trying to reload asset but can't find object on disk
Trying to reload asset but can't find object on disk
Trying to reload asset but can't find object on disk
Trying to reload asset but can't find object on disk
Trying to reload asset but can't find object on disk
Trying to reload asset but can't find object on disk
Trying to reload asset but can't find object on disk
Trying to reload asset but can't find object on disk
Trying to reload asset but can't find object on disk
Registering precompiled user dll's ...
Registered in 0.001652 seconds.
Begin MonoManager ReloadAssembly
Symbol file LoadedFromMemory doesn't match image /Users/lukesnow/Duke War 2!/Library/PackageCache/com.unity.visualscripting@1.8.0/Editor/VisualScripting.Core/Dependencies/YamlDotNet/Unity.VisualScripting.YamlDotNet.dll
Symbol file LoadedFromMemory doesn't match image /Users/lukesnow/Duke War 2!/Library/PackageCache/com.unity.visualscripting@1.8.0/Editor/VisualScripting.Core/Dependencies/DotNetZip/Unity.VisualScripting.IonicZip.dll
Native extension for Android target not found
Native extension for OSXStandalone target not found
Refreshing native plugins compatible for Editor in 0.64 ms, found 0 plugins.
Preloading 0 native plugins for Editor in 0.00 ms.
Mono: successfully reloaded assembly
- Completed reload, in  1.280 seconds
Domain Reload Profiling:
	ReloadAssembly (1281ms)
		BeginReloadAssembly (265ms)
			ExecutionOrderSort (0ms)
			DisableScriptedObjects (9ms)
			BackupInstance (0ms)
			ReleaseScriptingObjects (0ms)
			CreateAndSetChildDomain (94ms)
		EndReloadAssembly (884ms)
			LoadAssemblies (90ms)
			RebuildTransferFunctionScriptingTraits (0ms)
			SetupTypeCache (328ms)
			ReleaseScriptCaches (0ms)
			RebuildScriptCaches (70ms)
			SetupLoadedEditorAssemblies (332ms)
				LogAssemblyErrors (0ms)
				InitializePlatformSupportModulesInManaged (20ms)
				SetLoadedEditorAssemblies (1ms)
				RefreshPlugins (1ms)
				BeforeProcessingInitializeOnLoad (31ms)
				ProcessInitializeOnLoadAttributes (250ms)
				ProcessInitializeOnLoadMethodAttributes (28ms)
				AfterProcessingInitializeOnLoad (1ms)
				EditorAssembliesLoaded (0ms)
			ExecutionOrderSort2 (0ms)
			AwakeInstancesAfterBackupRestoration (6ms)
Platform modules already initialized, skipping
Failed to load shader (instanceID 396, GUID 9c442dc870b456e48b615cd8add0e9ef)
Refreshing native plugins compatible for Editor in 0.60 ms, found 0 plugins.
Preloading 0 native plugins for Editor in 0.00 ms.
Unloading 1 Unused Serialized files (Serialized files now loaded: 0)
Unloading 0 unused Assets / (2.3 KB). Loaded Objects now: 680.
Memory consumption went from 70.5 MB to 70.5 MB.
Total: 3.293592 ms (FindLiveObjects: 0.093467 ms CreateObjectMapping: 0.008382 ms MarkObjects: 3.184317 ms  DeleteObjects: 0.006784 ms)

AssetImportParameters requested are different than current active one (requested -> active):
  custom:video-decoder-ogg-theora: a1e56fd34408186e4bbccfd4996cb3dc -> 
  custom:container-muxer-webm: aa71ff27fc2769a1b78a27578f13a17b -> 
  custom:container-demuxer-webm: 4f35f7cbe854078d1ac9338744f61a02 -> 
  custom:video-encoder-webm-vp8: eb34c28f22e8b96e1ab97ce403110664 -> 
  custom:framework-osx-AVFoundation: e770b220cccbd017edd2c1fefb359320 -> 
  custom:audio-encoder-webm-vorbis: bf7c407c2cedff20999df2af8eb42d56 -> 
  custom:container-demuxer-ogg: 62fdf1f143b41e24485cea50d1cbac27 -> 
  custom:video-decoder-webm-vp8: 9c59270c3fd7afecdb556c50c9e8de78 -> 
  custom:audio-decoder-ogg-vorbis: bf7c407c2cedff20999df2af8eb42d56 -> 
========================================================================
Received Prepare
Registering precompiled user dll's ...
Registered in 0.003167 seconds.
Begin MonoManager ReloadAssembly
Symbol file LoadedFromMemory doesn't match image /Users/lukesnow/Duke War 2!/Library/PackageCache/com.unity.visualscripting@1.8.0/Editor/VisualScripting.Core/Dependencies/YamlDotNet/Unity.VisualScripting.YamlDotNet.dll
Symbol file LoadedFromMemory doesn't match image /Users/lukesnow/Duke War 2!/Library/PackageCache/com.unity.visualscripting@1.8.0/Editor/VisualScripting.Core/Dependencies/DotNetZip/Unity.VisualScripting.IonicZip.dll
ScriptableSingleton already exists. Did you query the singleton in a constructor?
UnityEngine.StackTraceUtility:ExtractStackTrace () (at /Users/bokken/build/output/unity/unity/Runtime/Export/Scripting/StackTrace.cs:37)
UnityEngine.DebugLogHandler:LogFormat (UnityEngine.LogType,UnityEngine.Object,string,object[])
UnityEngine.Logger:Log (UnityEngine.LogType,object)
UnityEngine.Debug:LogError (object)
UnityEditor.ScriptableSingleton`1<UnityEditor.TestTools.TestRunner.Api.CallbacksHolder>:.ctor () (at /Users/bokken/build/output/unity/unity/Editor/Mono/ScriptableSingleton.cs:83)
UnityEditor.TestTools.TestRunner.Api.CallbacksHolder:.ctor () (at Library/PackageCache/com.unity.test-framework@1.1.31/UnityEditor.TestRunner/Api/CallbacksHolder.cs:9)

(Filename: /Users/bokken/build/output/unity/unity/Editor/Mono/ScriptableSingleton.cs Line: 83)

ScriptableSingleton already exists. Did you query the singleton in a constructor?
UnityEngine.StackTraceUtility:ExtractStackTrace () (at /Users/bokken/build/output/unity/unity/Runtime/Export/Scripting/StackTrace.cs:37)
UnityEngine.DebugLogHandler:LogFormat (UnityEngine.LogType,UnityEngine.Object,string,object[])
UnityEngine.Logger:Log (UnityEngine.LogType,object)
UnityEngine.Debug:LogError (object)
UnityEditor.ScriptableSingleton`1<Packages.Rider.Editor.UnitTesting.CallbackData>:.ctor () (at /Users/bokken/build/output/unity/unity/Editor/Mono/ScriptableSingleton.cs:83)
Packages.Rider.Editor.UnitTesting.CallbackData:.ctor () (at Library/PackageCache/com.unity.ide.rider@3.0.18/Rider/Editor/UnitTesting/CallbackData.cs:25)

(Filename: /Users/bokken/build/output/unity/unity/Editor/Mono/ScriptableSingleton.cs Line: 83)

ScriptableSingleton already exists. Did you query the singleton in a constructor?
UnityEngine.StackTraceUtility:ExtractStackTrace () (at /Users/bokken/build/output/unity/unity/Runtime/Export/Scripting/StackTrace.cs:37)
UnityEngine.DebugLogHandler:LogFormat (UnityEngine.LogType,UnityEngine.Object,string,object[])
UnityEngine.Logger:Log (UnityEngine.LogType,object)
UnityEngine.Debug:LogError (object)
UnityEditor.ScriptableSingleton`1<UnityEditor.TestTools.TestRunner.TestRun.TestJobDataHolder>:.ctor () (at /Users/bokken/build/output/unity/unity/Editor/Mono/ScriptableSingleton.cs:83)
UnityEditor.TestTools.TestRunner.TestRun.TestJobDataHolder:.ctor () (at Library/PackageCache/com.unity.test-framework@1.1.31/UnityEditor.TestRunner/TestRun/TestJobDataHolder.cs:9)

(Filename: /Users/bokken/build/output/unity/unity/Editor/Mono/ScriptableSingleton.cs Line: 83)

Native extension for Android target not found
Native extension for OSXStandalone target not found
Refreshing native plugins compatible for Editor in 1.03 ms, found 2 plugins.
Preloading 0 native plugins for Editor in 0.00 ms.
Mono: successfully reloaded assembly
- Completed reload, in  2.004 seconds
Domain Reload Profiling:
	ReloadAssembly (2005ms)
		BeginReloadAssembly (272ms)
			ExecutionOrderSort (0ms)
			DisableScriptedObjects (13ms)
			BackupInstance (0ms)
			ReleaseScriptingObjects (0ms)
			CreateAndSetChildDomain (111ms)
		EndReloadAssembly (1529ms)
			LoadAssemblies (143ms)
			RebuildTransferFunctionScriptingTraits (0ms)
			SetupTypeCache (658ms)
			ReleaseScriptCaches (0ms)
			RebuildScriptCaches (71ms)
			SetupLoadedEditorAssemblies (509ms)
				LogAssemblyErrors (0ms)
				InitializePlatformSupportModulesInManaged (31ms)
				SetLoadedEditorAssemblies (1ms)
				RefreshPlugins (1ms)
				BeforeProcessingInitializeOnLoad (55ms)
				ProcessInitializeOnLoadAttributes (378ms)
				ProcessInitializeOnLoadMethodAttributes (40ms)
				AfterProcessingInitializeOnLoad (2ms)
				EditorAssembliesLoaded (0ms)
			ExecutionOrderSort2 (0ms)
			AwakeInstancesAfterBackupRestoration (8ms)
Platform modules already initialized, skipping
Refreshing native plugins compatible for Editor in 1.14 ms, found 2 plugins.
Preloading 0 native plugins for Editor in 0.00 ms.
Unloading 3043 Unused Serialized files (Serialized files now loaded: 0)
Unloading 17 unused Assets / (68.0 KB). Loaded Objects now: 3580.
Memory consumption went from 146.8 MB to 146.7 MB.
Total: 3.822896 ms (FindLiveObjects: 0.324815 ms CreateObjectMapping: 0.216441 ms MarkObjects: 3.171722 ms  DeleteObjects: 0.109088 ms)

AssetImportParameters requested are different than current active one (requested -> active):
  custom:video-decoder-ogg-theora: a1e56fd34408186e4bbccfd4996cb3dc -> 
  custom:container-muxer-webm: aa71ff27fc2769a1b78a27578f13a17b -> 
  custom:container-demuxer-webm: 4f35f7cbe854078d1ac9338744f61a02 -> 
  custom:video-encoder-webm-vp8: eb34c28f22e8b96e1ab97ce403110664 -> 
  custom:framework-osx-AVFoundation: e770b220cccbd017edd2c1fefb359320 -> 
  custom:audio-encoder-webm-vorbis: bf7c407c2cedff20999df2af8eb42d56 -> 
  custom:container-demuxer-ogg: 62fdf1f143b41e24485cea50d1cbac27 -> 
  custom:video-decoder-webm-vp8: 9c59270c3fd7afecdb556c50c9e8de78 -> 
  custom:audio-decoder-ogg-vorbis: bf7c407c2cedff20999df2af8eb42d56 -> 
========================================================================
Received Import Request.
  Time since last request: 669.127466 seconds.
  path: Assets/Scenes
  artifactKey: Guid(6ea315d0fd7389c41b19996891e99ae3) Importer(815301076,1909f56bfc062723c751e8b465ee728b)
Start importing Assets/Scenes using Guid(6ea315d0fd7389c41b19996891e99ae3) Importer(815301076,1909f56bfc062723c751e8b465ee728b)  -> (artifact id: 'b8193726cff86800c54781cdc6d54904') in 0.013548 seconds 
